2025-1-12 09:35:00 - log: Load engine in C:\ProgramData\cocos\editors\Creator\3.8.2\resources\resources\3d\engine
2025-1-12 09:35:01 - log: Profile changed: engine (modules.includeModules: 2d,animation,audio,base,dragon-bones,gfx-webgl,gfx-webgl2,intersection-2d,particle-2d,physics-2d-box2d,profiler,spine,tiled-map,tween,ui,video,webview)
2025-1-12 09:35:01 - log: Register native engine in C:\ProgramData\cocos\editors\Creator\3.8.2\resources\resources\3d\engine\native
2025-1-12 09:35:12 - log: [Scene] meshopt wasm decoder initialized
2025-1-12 09:35:12 - log: [Scene] [box2d]:box2d wasm lib loaded.
2025-1-12 09:35:12 - log: [Scene] [bullet]:bullet wasm lib loaded.
2025-1-12 09:35:12 - log: [Scene] [PHYSICS]: using builtin.
2025-1-12 09:35:13 - info: [PreviewInEditor] 预览环境初始化完毕
2025-1-12 09:35:13 - log: [Scene] Cocos Creator v3.8.2
2025-1-12 09:35:13 - info: [Scene] Forward render pipeline initialized.
2025-1-12 09:35:13 - warn: [Scene] The type of "GameManager.workNameArray" must be CCString, not String.Error: [Scene] The type of "GameManager.workNameArray" must be CCString, not String.
    at warn (C:\ProgramData\cocos\editors\Creator\3.8.2\resources\resources\3d\engine\bin\.cache\dev\editor\bundled\index.js:148661:12)
    at warnID (C:\ProgramData\cocos\editors\Creator\3.8.2\resources\resources\3d\engine\bin\.cache\dev\editor\bundled\index.js:148843:5)
    at parseType (C:\ProgramData\cocos\editors\Creator\3.8.2\resources\resources\3d\engine\bin\.cache\dev\editor\bundled\index.js:274085:11)
    at preprocessAttrs (C:\ProgramData\cocos\editors\Creator\3.8.2\resources\resources\3d\engine\bin\.cache\dev\editor\bundled\index.js:274200:11)
    at declareProperties (C:\ProgramData\cocos\editors\Creator\3.8.2\resources\resources\3d\engine\bin\.cache\dev\editor\bundled\index.js:129680:7)
    at CCClass (C:\ProgramData\cocos\editors\Creator\3.8.2\resources\resources\3d\engine\bin\.cache\dev\editor\bundled\index.js:129709:5)
    at eval (C:\ProgramData\cocos\editors\Creator\3.8.2\resources\resources\3d\engine\bin\.cache\dev\editor\bundled\index.js:271932:21)
2025-1-12 09:35:13 - warn: [Scene] The type of "NewComponent.PropenrtyNameArray" must be CCString, not String.Error: [Scene] The type of "NewComponent.PropenrtyNameArray" must be CCString, not String.
    at warn (C:\ProgramData\cocos\editors\Creator\3.8.2\resources\resources\3d\engine\bin\.cache\dev\editor\bundled\index.js:148661:12)
    at warnID (C:\ProgramData\cocos\editors\Creator\3.8.2\resources\resources\3d\engine\bin\.cache\dev\editor\bundled\index.js:148843:5)
    at parseType (C:\ProgramData\cocos\editors\Creator\3.8.2\resources\resources\3d\engine\bin\.cache\dev\editor\bundled\index.js:274085:11)
    at preprocessAttrs (C:\ProgramData\cocos\editors\Creator\3.8.2\resources\resources\3d\engine\bin\.cache\dev\editor\bundled\index.js:274200:11)
    at declareProperties (C:\ProgramData\cocos\editors\Creator\3.8.2\resources\resources\3d\engine\bin\.cache\dev\editor\bundled\index.js:129680:7)
    at CCClass (C:\ProgramData\cocos\editors\Creator\3.8.2\resources\resources\3d\engine\bin\.cache\dev\editor\bundled\index.js:129709:5)
    at eval (C:\ProgramData\cocos\editors\Creator\3.8.2\resources\resources\3d\engine\bin\.cache\dev\editor\bundled\index.js:271932:21)
2025-1-12 09:35:13 - log: [Scene] [PHYSICS2D]: switch from box2d-wasm to box2d.
2025-1-12 09:35:57 - log: [PreviewInEditor] meshopt wasm decoder initialized
2025-1-12 09:35:57 - log: [PreviewInEditor] [box2d]:box2d wasm lib loaded.
2025-1-12 09:35:57 - log: [PreviewInEditor] [bullet]:bullet wasm lib loaded.
2025-1-12 09:35:58 - log: [PreviewInEditor] [PHYSICS]: using builtin.
2025-1-12 09:35:58 - log: [PreviewInEditor] Cocos Creator v3.8.2
2025-1-12 09:35:58 - info: [PreviewInEditor] Forward render pipeline initialized.
2025-1-12 09:35:58 - warn: [PreviewInEditor] The type of "GameManager.workNameArray" must be CCString, not String.Error: [PreviewInEditor] The type of "GameManager.workNameArray" must be CCString, not String.
    at warn (C:\ProgramData\cocos\editors\Creator\3.8.2\resources\resources\3d\engine\bin\.cache\dev\editor\bundled\index.js:148661:12)
    at warnID (C:\ProgramData\cocos\editors\Creator\3.8.2\resources\resources\3d\engine\bin\.cache\dev\editor\bundled\index.js:148843:5)
    at parseType (C:\ProgramData\cocos\editors\Creator\3.8.2\resources\resources\3d\engine\bin\.cache\dev\editor\bundled\index.js:274085:11)
    at preprocessAttrs (C:\ProgramData\cocos\editors\Creator\3.8.2\resources\resources\3d\engine\bin\.cache\dev\editor\bundled\index.js:274200:11)
    at declareProperties (C:\ProgramData\cocos\editors\Creator\3.8.2\resources\resources\3d\engine\bin\.cache\dev\editor\bundled\index.js:129680:7)
    at CCClass (C:\ProgramData\cocos\editors\Creator\3.8.2\resources\resources\3d\engine\bin\.cache\dev\editor\bundled\index.js:129709:5)
    at eval (C:\ProgramData\cocos\editors\Creator\3.8.2\resources\resources\3d\engine\bin\.cache\dev\editor\bundled\index.js:271932:21)
2025-1-12 09:35:58 - warn: [PreviewInEditor] The type of "NewComponent.PropenrtyNameArray" must be CCString, not String.Error: [PreviewInEditor] The type of "NewComponent.PropenrtyNameArray" must be CCString, not String.
    at warn (C:\ProgramData\cocos\editors\Creator\3.8.2\resources\resources\3d\engine\bin\.cache\dev\editor\bundled\index.js:148661:12)
    at warnID (C:\ProgramData\cocos\editors\Creator\3.8.2\resources\resources\3d\engine\bin\.cache\dev\editor\bundled\index.js:148843:5)
    at parseType (C:\ProgramData\cocos\editors\Creator\3.8.2\resources\resources\3d\engine\bin\.cache\dev\editor\bundled\index.js:274085:11)
    at preprocessAttrs (C:\ProgramData\cocos\editors\Creator\3.8.2\resources\resources\3d\engine\bin\.cache\dev\editor\bundled\index.js:274200:11)
    at declareProperties (C:\ProgramData\cocos\editors\Creator\3.8.2\resources\resources\3d\engine\bin\.cache\dev\editor\bundled\index.js:129680:7)
    at CCClass (C:\ProgramData\cocos\editors\Creator\3.8.2\resources\resources\3d\engine\bin\.cache\dev\editor\bundled\index.js:129709:5)
    at eval (C:\ProgramData\cocos\editors\Creator\3.8.2\resources\resources\3d\engine\bin\.cache\dev\editor\bundled\index.js:271932:21)
2025-1-12 09:35:58 - log: [PreviewInEditor] [PHYSICS2D]: switch from box2d-wasm to box2d.
2025-1-12 09:36:16 - info: [PreviewInEditor] 预览环境初始化完毕
2025-1-12 09:36:16 - log: [PreviewInEditor] meshopt wasm decoder initialized
2025-1-12 09:36:16 - log: [PreviewInEditor] [box2d]:box2d wasm lib loaded.
2025-1-12 09:36:16 - log: [PreviewInEditor] [bullet]:bullet wasm lib loaded.
2025-1-12 09:36:17 - log: [PreviewInEditor] [PHYSICS]: using builtin.
2025-1-12 09:36:17 - log: [PreviewInEditor] Cocos Creator v3.8.2
2025-1-12 09:36:17 - info: [PreviewInEditor] Forward render pipeline initialized.
2025-1-12 09:36:17 - warn: [PreviewInEditor] The type of "GameManager.workNameArray" must be CCString, not String.Error: [PreviewInEditor] The type of "GameManager.workNameArray" must be CCString, not String.
    at warn (C:\ProgramData\cocos\editors\Creator\3.8.2\resources\resources\3d\engine\bin\.cache\dev\editor\bundled\index.js:148661:12)
    at warnID (C:\ProgramData\cocos\editors\Creator\3.8.2\resources\resources\3d\engine\bin\.cache\dev\editor\bundled\index.js:148843:5)
    at parseType (C:\ProgramData\cocos\editors\Creator\3.8.2\resources\resources\3d\engine\bin\.cache\dev\editor\bundled\index.js:274085:11)
    at preprocessAttrs (C:\ProgramData\cocos\editors\Creator\3.8.2\resources\resources\3d\engine\bin\.cache\dev\editor\bundled\index.js:274200:11)
    at declareProperties (C:\ProgramData\cocos\editors\Creator\3.8.2\resources\resources\3d\engine\bin\.cache\dev\editor\bundled\index.js:129680:7)
    at CCClass (C:\ProgramData\cocos\editors\Creator\3.8.2\resources\resources\3d\engine\bin\.cache\dev\editor\bundled\index.js:129709:5)
    at eval (C:\ProgramData\cocos\editors\Creator\3.8.2\resources\resources\3d\engine\bin\.cache\dev\editor\bundled\index.js:271932:21)
2025-1-12 09:36:17 - warn: [PreviewInEditor] The type of "NewComponent.PropenrtyNameArray" must be CCString, not String.Error: [PreviewInEditor] The type of "NewComponent.PropenrtyNameArray" must be CCString, not String.
    at warn (C:\ProgramData\cocos\editors\Creator\3.8.2\resources\resources\3d\engine\bin\.cache\dev\editor\bundled\index.js:148661:12)
    at warnID (C:\ProgramData\cocos\editors\Creator\3.8.2\resources\resources\3d\engine\bin\.cache\dev\editor\bundled\index.js:148843:5)
    at parseType (C:\ProgramData\cocos\editors\Creator\3.8.2\resources\resources\3d\engine\bin\.cache\dev\editor\bundled\index.js:274085:11)
    at preprocessAttrs (C:\ProgramData\cocos\editors\Creator\3.8.2\resources\resources\3d\engine\bin\.cache\dev\editor\bundled\index.js:274200:11)
    at declareProperties (C:\ProgramData\cocos\editors\Creator\3.8.2\resources\resources\3d\engine\bin\.cache\dev\editor\bundled\index.js:129680:7)
    at CCClass (C:\ProgramData\cocos\editors\Creator\3.8.2\resources\resources\3d\engine\bin\.cache\dev\editor\bundled\index.js:129709:5)
    at eval (C:\ProgramData\cocos\editors\Creator\3.8.2\resources\resources\3d\engine\bin\.cache\dev\editor\bundled\index.js:271932:21)
2025-1-12 09:36:17 - log: [PreviewInEditor] [PHYSICS2D]: switch from box2d-wasm to box2d.
2025-1-12 09:36:18 - error: [PreviewInEditor] glCheckFramebufferStatus() - FRAMEBUFFER_INCOMPLETE_MISSING_ATTACHMENTError: [PreviewInEditor] glCheckFramebufferStatus() - FRAMEBUFFER_INCOMPLETE_MISSING_ATTACHMENT
    at error (C:\ProgramData\cocos\editors\Creator\3.8.2\resources\resources\3d\engine\bin\.cache\dev\editor\bundled\index.js:148675:12)
    at WebGL2CmdFuncCreateFramebuffer (C:\ProgramData\cocos\editors\Creator\3.8.2\resources\resources\3d\engine\bin\.cache\dev\editor\bundled\index.js:171136:15)
    at WebGL2Framebuffer.initialize (C:\ProgramData\cocos\editors\Creator\3.8.2\resources\resources\3d\engine\bin\.cache\dev\editor\bundled\index.js:172994:11)
    at Proxy.newFunc (C:\ProgramData\cocos\editors\Creator\3.8.2\resources\resources\3d\engine\bin\.cache\dev\editor\bundled\index.js:130305:37)
    at WebGL2Device.createFramebuffer (C:\ProgramData\cocos\editors\Creator\3.8.2\resources\resources\3d\engine\bin\.cache\dev\editor\bundled\index.js:169521:23)
    at RenderWindow.initialize (C:\ProgramData\cocos\editors\Creator\3.8.2\resources\resources\3d\engine\bin\.cache\dev\editor\bundled\index.js:210099:38)
    at Root.createWindow (C:\ProgramData\cocos\editors\Creator\3.8.2\resources\resources\3d\engine\bin\.cache\dev\editor\bundled\index.js:4318:18)
2025-1-12 09:36:18 - error: [PreviewInEditor] glCheckFramebufferStatus() - FRAMEBUFFER_INCOMPLETE_MISSING_ATTACHMENTError: [PreviewInEditor] glCheckFramebufferStatus() - FRAMEBUFFER_INCOMPLETE_MISSING_ATTACHMENT
    at error (C:\ProgramData\cocos\editors\Creator\3.8.2\resources\resources\3d\engine\bin\.cache\dev\editor\bundled\index.js:148675:12)
    at WebGL2CmdFuncCreateFramebuffer (C:\ProgramData\cocos\editors\Creator\3.8.2\resources\resources\3d\engine\bin\.cache\dev\editor\bundled\index.js:171136:15)
    at WebGL2Framebuffer.initialize (C:\ProgramData\cocos\editors\Creator\3.8.2\resources\resources\3d\engine\bin\.cache\dev\editor\bundled\index.js:172994:11)
    at Proxy.newFunc (C:\ProgramData\cocos\editors\Creator\3.8.2\resources\resources\3d\engine\bin\.cache\dev\editor\bundled\index.js:130305:37)
    at WebGL2Device.createFramebuffer (C:\ProgramData\cocos\editors\Creator\3.8.2\resources\resources\3d\engine\bin\.cache\dev\editor\bundled\index.js:169521:23)
    at RenderWindow.initialize (C:\ProgramData\cocos\editors\Creator\3.8.2\resources\resources\3d\engine\bin\.cache\dev\editor\bundled\index.js:210099:38)
    at Root.createWindow (C:\ProgramData\cocos\editors\Creator\3.8.2\resources\resources\3d\engine\bin\.cache\dev\editor\bundled\index.js:4318:18)
2025-1-12 09:36:23 - info: [PreviewInEditor] 预览环境初始化完毕
2025-1-12 09:36:26 - log: [PreviewInEditor] meshopt wasm decoder initialized
2025-1-12 09:36:26 - log: [PreviewInEditor] [box2d]:box2d wasm lib loaded.
2025-1-12 09:36:26 - log: [PreviewInEditor] [bullet]:bullet wasm lib loaded.
2025-1-12 09:36:26 - log: [PreviewInEditor] [PHYSICS]: using builtin.
2025-1-12 09:36:27 - log: [PreviewInEditor] Cocos Creator v3.8.2
2025-1-12 09:36:27 - info: [PreviewInEditor] Forward render pipeline initialized.
2025-1-12 09:36:27 - warn: [PreviewInEditor] The type of "GameManager.workNameArray" must be CCString, not String.Error: [PreviewInEditor] The type of "GameManager.workNameArray" must be CCString, not String.
    at warn (C:\ProgramData\cocos\editors\Creator\3.8.2\resources\resources\3d\engine\bin\.cache\dev\editor\bundled\index.js:148661:12)
    at warnID (C:\ProgramData\cocos\editors\Creator\3.8.2\resources\resources\3d\engine\bin\.cache\dev\editor\bundled\index.js:148843:5)
    at parseType (C:\ProgramData\cocos\editors\Creator\3.8.2\resources\resources\3d\engine\bin\.cache\dev\editor\bundled\index.js:274085:11)
    at preprocessAttrs (C:\ProgramData\cocos\editors\Creator\3.8.2\resources\resources\3d\engine\bin\.cache\dev\editor\bundled\index.js:274200:11)
    at declareProperties (C:\ProgramData\cocos\editors\Creator\3.8.2\resources\resources\3d\engine\bin\.cache\dev\editor\bundled\index.js:129680:7)
    at CCClass (C:\ProgramData\cocos\editors\Creator\3.8.2\resources\resources\3d\engine\bin\.cache\dev\editor\bundled\index.js:129709:5)
    at eval (C:\ProgramData\cocos\editors\Creator\3.8.2\resources\resources\3d\engine\bin\.cache\dev\editor\bundled\index.js:271932:21)
2025-1-12 09:36:27 - warn: [PreviewInEditor] The type of "NewComponent.PropenrtyNameArray" must be CCString, not String.Error: [PreviewInEditor] The type of "NewComponent.PropenrtyNameArray" must be CCString, not String.
    at warn (C:\ProgramData\cocos\editors\Creator\3.8.2\resources\resources\3d\engine\bin\.cache\dev\editor\bundled\index.js:148661:12)
    at warnID (C:\ProgramData\cocos\editors\Creator\3.8.2\resources\resources\3d\engine\bin\.cache\dev\editor\bundled\index.js:148843:5)
    at parseType (C:\ProgramData\cocos\editors\Creator\3.8.2\resources\resources\3d\engine\bin\.cache\dev\editor\bundled\index.js:274085:11)
    at preprocessAttrs (C:\ProgramData\cocos\editors\Creator\3.8.2\resources\resources\3d\engine\bin\.cache\dev\editor\bundled\index.js:274200:11)
    at declareProperties (C:\ProgramData\cocos\editors\Creator\3.8.2\resources\resources\3d\engine\bin\.cache\dev\editor\bundled\index.js:129680:7)
    at CCClass (C:\ProgramData\cocos\editors\Creator\3.8.2\resources\resources\3d\engine\bin\.cache\dev\editor\bundled\index.js:129709:5)
    at eval (C:\ProgramData\cocos\editors\Creator\3.8.2\resources\resources\3d\engine\bin\.cache\dev\editor\bundled\index.js:271932:21)
2025-1-12 09:36:27 - log: [PreviewInEditor] [PHYSICS2D]: switch from box2d-wasm to box2d.
2025-1-12 09:36:27 - error: [PreviewInEditor] glCheckFramebufferStatus() - FRAMEBUFFER_INCOMPLETE_MISSING_ATTACHMENTError: [PreviewInEditor] glCheckFramebufferStatus() - FRAMEBUFFER_INCOMPLETE_MISSING_ATTACHMENT
    at error (C:\ProgramData\cocos\editors\Creator\3.8.2\resources\resources\3d\engine\bin\.cache\dev\editor\bundled\index.js:148675:12)
    at WebGL2CmdFuncCreateFramebuffer (C:\ProgramData\cocos\editors\Creator\3.8.2\resources\resources\3d\engine\bin\.cache\dev\editor\bundled\index.js:171136:15)
    at WebGL2Framebuffer.initialize (C:\ProgramData\cocos\editors\Creator\3.8.2\resources\resources\3d\engine\bin\.cache\dev\editor\bundled\index.js:172994:11)
    at Proxy.newFunc (C:\ProgramData\cocos\editors\Creator\3.8.2\resources\resources\3d\engine\bin\.cache\dev\editor\bundled\index.js:130305:37)
    at WebGL2Device.createFramebuffer (C:\ProgramData\cocos\editors\Creator\3.8.2\resources\resources\3d\engine\bin\.cache\dev\editor\bundled\index.js:169521:23)
    at RenderWindow.initialize (C:\ProgramData\cocos\editors\Creator\3.8.2\resources\resources\3d\engine\bin\.cache\dev\editor\bundled\index.js:210099:38)
    at Root.createWindow (C:\ProgramData\cocos\editors\Creator\3.8.2\resources\resources\3d\engine\bin\.cache\dev\editor\bundled\index.js:4318:18)
2025-1-12 09:36:27 - error: [PreviewInEditor] glCheckFramebufferStatus() - FRAMEBUFFER_INCOMPLETE_MISSING_ATTACHMENTError: [PreviewInEditor] glCheckFramebufferStatus() - FRAMEBUFFER_INCOMPLETE_MISSING_ATTACHMENT
    at error (C:\ProgramData\cocos\editors\Creator\3.8.2\resources\resources\3d\engine\bin\.cache\dev\editor\bundled\index.js:148675:12)
    at WebGL2CmdFuncCreateFramebuffer (C:\ProgramData\cocos\editors\Creator\3.8.2\resources\resources\3d\engine\bin\.cache\dev\editor\bundled\index.js:171136:15)
    at WebGL2Framebuffer.initialize (C:\ProgramData\cocos\editors\Creator\3.8.2\resources\resources\3d\engine\bin\.cache\dev\editor\bundled\index.js:172994:11)
    at Proxy.newFunc (C:\ProgramData\cocos\editors\Creator\3.8.2\resources\resources\3d\engine\bin\.cache\dev\editor\bundled\index.js:130305:37)
    at WebGL2Device.createFramebuffer (C:\ProgramData\cocos\editors\Creator\3.8.2\resources\resources\3d\engine\bin\.cache\dev\editor\bundled\index.js:169521:23)
    at RenderWindow.initialize (C:\ProgramData\cocos\editors\Creator\3.8.2\resources\resources\3d\engine\bin\.cache\dev\editor\bundled\index.js:210099:38)
    at Root.createWindow (C:\ProgramData\cocos\editors\Creator\3.8.2\resources\resources\3d\engine\bin\.cache\dev\editor\bundled\index.js:4318:18)
2025-1-12 09:36:56 - info: [PreviewInEditor] 预览环境初始化完毕
2025-1-12 09:37:07 - log: [PreviewInEditor] meshopt wasm decoder initialized
2025-1-12 09:37:07 - log: [PreviewInEditor] [box2d]:box2d wasm lib loaded.
2025-1-12 09:37:08 - log: [PreviewInEditor] [bullet]:bullet wasm lib loaded.
2025-1-12 09:37:08 - log: [PreviewInEditor] [PHYSICS]: using builtin.
2025-1-12 09:37:08 - log: [PreviewInEditor] Cocos Creator v3.8.2
2025-1-12 09:37:08 - info: [PreviewInEditor] Forward render pipeline initialized.
2025-1-12 09:37:08 - warn: [PreviewInEditor] The type of "GameManager.workNameArray" must be CCString, not String.Error: [PreviewInEditor] The type of "GameManager.workNameArray" must be CCString, not String.
    at warn (C:\ProgramData\cocos\editors\Creator\3.8.2\resources\resources\3d\engine\bin\.cache\dev\editor\bundled\index.js:148661:12)
    at warnID (C:\ProgramData\cocos\editors\Creator\3.8.2\resources\resources\3d\engine\bin\.cache\dev\editor\bundled\index.js:148843:5)
    at parseType (C:\ProgramData\cocos\editors\Creator\3.8.2\resources\resources\3d\engine\bin\.cache\dev\editor\bundled\index.js:274085:11)
    at preprocessAttrs (C:\ProgramData\cocos\editors\Creator\3.8.2\resources\resources\3d\engine\bin\.cache\dev\editor\bundled\index.js:274200:11)
    at declareProperties (C:\ProgramData\cocos\editors\Creator\3.8.2\resources\resources\3d\engine\bin\.cache\dev\editor\bundled\index.js:129680:7)
    at CCClass (C:\ProgramData\cocos\editors\Creator\3.8.2\resources\resources\3d\engine\bin\.cache\dev\editor\bundled\index.js:129709:5)
    at eval (C:\ProgramData\cocos\editors\Creator\3.8.2\resources\resources\3d\engine\bin\.cache\dev\editor\bundled\index.js:271932:21)
2025-1-12 09:37:08 - warn: [PreviewInEditor] The type of "NewComponent.PropenrtyNameArray" must be CCString, not String.Error: [PreviewInEditor] The type of "NewComponent.PropenrtyNameArray" must be CCString, not String.
    at warn (C:\ProgramData\cocos\editors\Creator\3.8.2\resources\resources\3d\engine\bin\.cache\dev\editor\bundled\index.js:148661:12)
    at warnID (C:\ProgramData\cocos\editors\Creator\3.8.2\resources\resources\3d\engine\bin\.cache\dev\editor\bundled\index.js:148843:5)
    at parseType (C:\ProgramData\cocos\editors\Creator\3.8.2\resources\resources\3d\engine\bin\.cache\dev\editor\bundled\index.js:274085:11)
    at preprocessAttrs (C:\ProgramData\cocos\editors\Creator\3.8.2\resources\resources\3d\engine\bin\.cache\dev\editor\bundled\index.js:274200:11)
    at declareProperties (C:\ProgramData\cocos\editors\Creator\3.8.2\resources\resources\3d\engine\bin\.cache\dev\editor\bundled\index.js:129680:7)
    at CCClass (C:\ProgramData\cocos\editors\Creator\3.8.2\resources\resources\3d\engine\bin\.cache\dev\editor\bundled\index.js:129709:5)
    at eval (C:\ProgramData\cocos\editors\Creator\3.8.2\resources\resources\3d\engine\bin\.cache\dev\editor\bundled\index.js:271932:21)
2025-1-12 09:37:08 - log: [PreviewInEditor] [PHYSICS2D]: switch from box2d-wasm to box2d.
2025-1-12 09:37:09 - error: [PreviewInEditor] Cannot read property '_playerName' of nullTypeError: Cannot read property '_playerName' of null
    at Createnew.onLoad (file:///D:/Github_project/CoCos/MyAmbitious/temp/programming/packer-driver/targets/editor/chunks/1a/1a867b6c7813a0b080648fcae8e39bbeec84d242.js:68:49)
    at eval (C:\ProgramData\cocos\editors\Creator\3.8.2\resources\resources\3d\engine\bin\.cache\dev\editor\bundled\index.js:50954:132)
    at OneOffInvoker.eval [as _invoke] (C:\ProgramData\cocos\editors\Creator\3.8.2\resources\resources\3d\engine\bin\.cache\dev\editor\bundled\index.js:48878:9)
    at OneOffInvoker.invoke (C:\ProgramData\cocos\editors\Creator\3.8.2\resources\resources\3d\engine\bin\.cache\dev\editor\bundled\index.js:48994:16)
    at NodeActivator.activateNode (C:\ProgramData\cocos\editors\Creator\3.8.2\resources\resources\3d\engine\bin\.cache\dev\editor\bundled\index.js:51006:27)
    at Scene._activate (C:\ProgramData\cocos\editors\Creator\3.8.2\resources\resources\3d\engine\bin\.cache\dev\editor\bundled\index.js:58261:44)
    at Director.runSceneImmediate (C:\ProgramData\cocos\editors\Creator\3.8.2\resources\resources\3d\engine\bin\.cache\dev\editor\bundled\index.js:15673:17)
    at C:\ProgramData\cocos\editors\Creator\3.8.2\resources\app.asar\builtin\scene\dist\script\3d\manager\scene\utils.ccc:1:1375
    at eval (C:\ProgramData\cocos\editors\Creator\3.8.2\resources\resources\3d\engine\bin\.cache\dev\editor\bundled\index.js:104669:17)
    at eval (C:\ProgramData\cocos\editors\Creator\3.8.2\resources\resources\3d\engine\bin\.cache\dev\editor\bundled\index.js:112320:9)
2025-1-12 09:37:09 - log: [PreviewInEditor] start
2025-1-12 09:37:14 - info: [PreviewInEditor] 预览环境初始化完毕
2025-1-12 09:37:15 - log: [PreviewInEditor] meshopt wasm decoder initialized
2025-1-12 09:37:15 - log: [PreviewInEditor] [box2d]:box2d wasm lib loaded.
2025-1-12 09:37:15 - log: [PreviewInEditor] [bullet]:bullet wasm lib loaded.
2025-1-12 09:37:16 - log: [PreviewInEditor] [PHYSICS]: using builtin.
2025-1-12 09:37:16 - log: [PreviewInEditor] Cocos Creator v3.8.2
2025-1-12 09:37:16 - info: [PreviewInEditor] Forward render pipeline initialized.
2025-1-12 09:37:16 - warn: [PreviewInEditor] The type of "GameManager.workNameArray" must be CCString, not String.Error: [PreviewInEditor] The type of "GameManager.workNameArray" must be CCString, not String.
    at warn (C:\ProgramData\cocos\editors\Creator\3.8.2\resources\resources\3d\engine\bin\.cache\dev\editor\bundled\index.js:148661:12)
    at warnID (C:\ProgramData\cocos\editors\Creator\3.8.2\resources\resources\3d\engine\bin\.cache\dev\editor\bundled\index.js:148843:5)
    at parseType (C:\ProgramData\cocos\editors\Creator\3.8.2\resources\resources\3d\engine\bin\.cache\dev\editor\bundled\index.js:274085:11)
    at preprocessAttrs (C:\ProgramData\cocos\editors\Creator\3.8.2\resources\resources\3d\engine\bin\.cache\dev\editor\bundled\index.js:274200:11)
    at declareProperties (C:\ProgramData\cocos\editors\Creator\3.8.2\resources\resources\3d\engine\bin\.cache\dev\editor\bundled\index.js:129680:7)
    at CCClass (C:\ProgramData\cocos\editors\Creator\3.8.2\resources\resources\3d\engine\bin\.cache\dev\editor\bundled\index.js:129709:5)
    at eval (C:\ProgramData\cocos\editors\Creator\3.8.2\resources\resources\3d\engine\bin\.cache\dev\editor\bundled\index.js:271932:21)
2025-1-12 09:37:16 - warn: [PreviewInEditor] The type of "NewComponent.PropenrtyNameArray" must be CCString, not String.Error: [PreviewInEditor] The type of "NewComponent.PropenrtyNameArray" must be CCString, not String.
    at warn (C:\ProgramData\cocos\editors\Creator\3.8.2\resources\resources\3d\engine\bin\.cache\dev\editor\bundled\index.js:148661:12)
    at warnID (C:\ProgramData\cocos\editors\Creator\3.8.2\resources\resources\3d\engine\bin\.cache\dev\editor\bundled\index.js:148843:5)
    at parseType (C:\ProgramData\cocos\editors\Creator\3.8.2\resources\resources\3d\engine\bin\.cache\dev\editor\bundled\index.js:274085:11)
    at preprocessAttrs (C:\ProgramData\cocos\editors\Creator\3.8.2\resources\resources\3d\engine\bin\.cache\dev\editor\bundled\index.js:274200:11)
    at declareProperties (C:\ProgramData\cocos\editors\Creator\3.8.2\resources\resources\3d\engine\bin\.cache\dev\editor\bundled\index.js:129680:7)
    at CCClass (C:\ProgramData\cocos\editors\Creator\3.8.2\resources\resources\3d\engine\bin\.cache\dev\editor\bundled\index.js:129709:5)
    at eval (C:\ProgramData\cocos\editors\Creator\3.8.2\resources\resources\3d\engine\bin\.cache\dev\editor\bundled\index.js:271932:21)
2025-1-12 09:37:16 - log: [PreviewInEditor] [PHYSICS2D]: switch from box2d-wasm to box2d.
2025-1-12 09:37:18 - log: [PreviewInEditor] start
2025-1-12 09:37:22 - info: [PreviewInEditor] 预览环境初始化完毕
2025-1-12 09:37:22 - log: [PreviewInEditor] meshopt wasm decoder initialized
2025-1-12 09:37:22 - log: [PreviewInEditor] [box2d]:box2d wasm lib loaded.
2025-1-12 09:37:22 - log: [PreviewInEditor] [bullet]:bullet wasm lib loaded.
2025-1-12 09:37:23 - log: [PreviewInEditor] [PHYSICS]: using builtin.
2025-1-12 09:37:23 - log: [PreviewInEditor] Cocos Creator v3.8.2
2025-1-12 09:37:23 - info: [PreviewInEditor] Forward render pipeline initialized.
2025-1-12 09:37:23 - warn: [PreviewInEditor] The type of "GameManager.workNameArray" must be CCString, not String.Error: [PreviewInEditor] The type of "GameManager.workNameArray" must be CCString, not String.
    at warn (C:\ProgramData\cocos\editors\Creator\3.8.2\resources\resources\3d\engine\bin\.cache\dev\editor\bundled\index.js:148661:12)
    at warnID (C:\ProgramData\cocos\editors\Creator\3.8.2\resources\resources\3d\engine\bin\.cache\dev\editor\bundled\index.js:148843:5)
    at parseType (C:\ProgramData\cocos\editors\Creator\3.8.2\resources\resources\3d\engine\bin\.cache\dev\editor\bundled\index.js:274085:11)
    at preprocessAttrs (C:\ProgramData\cocos\editors\Creator\3.8.2\resources\resources\3d\engine\bin\.cache\dev\editor\bundled\index.js:274200:11)
    at declareProperties (C:\ProgramData\cocos\editors\Creator\3.8.2\resources\resources\3d\engine\bin\.cache\dev\editor\bundled\index.js:129680:7)
    at CCClass (C:\ProgramData\cocos\editors\Creator\3.8.2\resources\resources\3d\engine\bin\.cache\dev\editor\bundled\index.js:129709:5)
    at eval (C:\ProgramData\cocos\editors\Creator\3.8.2\resources\resources\3d\engine\bin\.cache\dev\editor\bundled\index.js:271932:21)
2025-1-12 09:37:23 - warn: [PreviewInEditor] The type of "NewComponent.PropenrtyNameArray" must be CCString, not String.Error: [PreviewInEditor] The type of "NewComponent.PropenrtyNameArray" must be CCString, not String.
    at warn (C:\ProgramData\cocos\editors\Creator\3.8.2\resources\resources\3d\engine\bin\.cache\dev\editor\bundled\index.js:148661:12)
    at warnID (C:\ProgramData\cocos\editors\Creator\3.8.2\resources\resources\3d\engine\bin\.cache\dev\editor\bundled\index.js:148843:5)
    at parseType (C:\ProgramData\cocos\editors\Creator\3.8.2\resources\resources\3d\engine\bin\.cache\dev\editor\bundled\index.js:274085:11)
    at preprocessAttrs (C:\ProgramData\cocos\editors\Creator\3.8.2\resources\resources\3d\engine\bin\.cache\dev\editor\bundled\index.js:274200:11)
    at declareProperties (C:\ProgramData\cocos\editors\Creator\3.8.2\resources\resources\3d\engine\bin\.cache\dev\editor\bundled\index.js:129680:7)
    at CCClass (C:\ProgramData\cocos\editors\Creator\3.8.2\resources\resources\3d\engine\bin\.cache\dev\editor\bundled\index.js:129709:5)
    at eval (C:\ProgramData\cocos\editors\Creator\3.8.2\resources\resources\3d\engine\bin\.cache\dev\editor\bundled\index.js:271932:21)
2025-1-12 09:37:23 - log: [PreviewInEditor] [PHYSICS2D]: switch from box2d-wasm to box2d.
2025-1-12 09:37:25 - log: [PreviewInEditor] 100
2025-1-12 09:37:25 - log: [PreviewInEditor] 鹏
2025-1-12 09:37:26 - log: [PreviewInEditor] 100
2025-1-12 09:37:26 - log: [PreviewInEditor] 鹏
2025-1-12 09:37:28 - log: [PreviewInEditor] 100
2025-1-12 09:37:28 - log: [PreviewInEditor] 鹏
2025-1-12 09:37:28 - log: [PreviewInEditor] 100
2025-1-12 09:37:28 - log: [PreviewInEditor] 鹏
2025-1-12 09:37:29 - log: [PreviewInEditor] 100
2025-1-12 09:37:29 - log: [PreviewInEditor] 鹏
2025-1-12 09:37:29 - log: [PreviewInEditor] start
2025-1-12 09:37:40 - info: [PreviewInEditor] 预览环境初始化完毕
