18:32:41 debug: 2025/1/17下午6:32:41
18:32:41 debug: Project: D:\Github_project\CoCos\MyAmbitious
18:32:41 debug: Targets: editor,preview
18:32:41 debug: Incremental file seems great.
18:32:41 debug: Engine path: C:\ProgramData\cocos\editors\Creator\3.8.2\resources\resources\3d\engine
18:32:41 debug: Initializing target [Editor]
18:32:41 debug: Loading cache
18:32:41 debug: Loading cache costs 2.9523999989032745ms.
18:32:41 debug: Engine features shipped in editor: base,gfx-webgl,gfx-webgl2,gfx-empty,3d,animation,skeletal-animation,2d,ui,particle,particle-2d,physics-framework,physics-2d-framework,physics-2d-box2d-wasm,intersection-2d,primitive,profiler,occlusion-query,geometry-renderer,debug-renderer,audio,video,xr,light-probe,terrain,webview,tween,tiled-map,spine,dragon-bones,marionette,procedural-animation,custom-pipeline,websocket,websocket-server
18:32:41 debug: Our import map(foo:/bar): {
  "imports": {
    "cc": "cce:/internal/x/cc"
  }
}
18:32:41 debug: Initializing target [Preview]
18:32:41 debug: Loading cache
18:32:41 debug: Loading cache costs 2.171500001102686ms.
18:32:41 debug: Our import map(foo:/bar): {
  "imports": {
    "cc": "cce:/internal/x/cc"
  }
}
18:32:41 debug: Sync engine features: 2d,animation,audio,base,dragon-bones,gfx-webgl,gfx-webgl2,intersection-2d,particle-2d,physics-2d-box2d,profiler,spine,tiled-map,tween,ui,video,webview
18:32:41 debug: Reset databases. Enumerated domains: [
  {
    "root": "db://internal/",
    "physical": "C:\\ProgramData\\cocos\\editors\\Creator\\3.8.2\\resources\\resources\\3d\\engine\\editor\\assets"
  },
  {
    "root": "db://assets/",
    "physical": "D:\\Github_project\\CoCos\\MyAmbitious\\assets"
  }
]
18:32:41 debug: Our import map(foo:/bar): {
  "imports": {
    "cc": "cce:/internal/x/cc",
    "db://internal/": "file:///C:/ProgramData/cocos/editors/Creator/3.8.2/resources/resources/3d/engine/editor/assets/",
    "db://assets/": "file:///D:/Github_project/CoCos/MyAmbitious/assets/"
  }
}
18:32:41 debug: Our import map(foo:/bar): {
  "imports": {
    "cc": "cce:/internal/x/cc",
    "db://internal/": "file:///C:/ProgramData/cocos/editors/Creator/3.8.2/resources/resources/3d/engine/editor/assets/",
    "db://assets/": "file:///D:/Github_project/CoCos/MyAmbitious/assets/"
  }
}
18:32:41 debug: Pulling asset-db.
18:32:41 debug: Fetch asset-db cost: 11.106900002807379ms.
18:32:41 debug: Build iteration starts.
Number of accumulated asset changes: 7
Feature changed: false
18:32:41 debug: Target(editor) build started.
18:32:41 debug: Detected change: cce:/internal/x/cc. Last mtime: Thu Jan 01 1970 08:00:07 GMT+0800 (中国标准时间), Current mtime: Thu Jan 01 1970 08:00:07 GMT+0800 (中国标准时间)
18:32:41 debug: Inspect cce:/internal/x/cc
18:32:41 debug: Resolve cce:/internal/x/cc-fu/base from cce:/internal/x/cc as external dependency cce:/internal/x/cc-fu/base.
18:32:41 debug: Resolve cce:/internal/x/cc-fu/gfx-webgl from cce:/internal/x/cc as external dependency cce:/internal/x/cc-fu/gfx-webgl.
18:32:41 debug: Resolve cce:/internal/x/cc-fu/gfx-webgl2 from cce:/internal/x/cc as external dependency cce:/internal/x/cc-fu/gfx-webgl2.
18:32:41 debug: Resolve cce:/internal/x/cc-fu/gfx-empty from cce:/internal/x/cc as external dependency cce:/internal/x/cc-fu/gfx-empty.
18:32:41 debug: Resolve cce:/internal/x/cc-fu/3d from cce:/internal/x/cc as external dependency cce:/internal/x/cc-fu/3d.
18:32:41 debug: Resolve cce:/internal/x/cc-fu/animation from cce:/internal/x/cc as external dependency cce:/internal/x/cc-fu/animation.
18:32:41 debug: Resolve cce:/internal/x/cc-fu/skeletal-animation from cce:/internal/x/cc as external dependency cce:/internal/x/cc-fu/skeletal-animation.
18:32:41 debug: Resolve cce:/internal/x/cc-fu/2d from cce:/internal/x/cc as external dependency cce:/internal/x/cc-fu/2d.
18:32:41 debug: Resolve cce:/internal/x/cc-fu/sorting from cce:/internal/x/cc as external dependency cce:/internal/x/cc-fu/sorting.
18:32:41 debug: Resolve cce:/internal/x/cc-fu/ui from cce:/internal/x/cc as external dependency cce:/internal/x/cc-fu/ui.
18:32:41 debug: Resolve cce:/internal/x/cc-fu/particle from cce:/internal/x/cc as external dependency cce:/internal/x/cc-fu/particle.
18:32:41 debug: Resolve cce:/internal/x/cc-fu/particle-2d from cce:/internal/x/cc as external dependency cce:/internal/x/cc-fu/particle-2d.
18:32:41 debug: Resolve cce:/internal/x/cc-fu/physics-framework from cce:/internal/x/cc as external dependency cce:/internal/x/cc-fu/physics-framework.
18:32:41 debug: Resolve cce:/internal/x/cc-fu/physics-2d-framework from cce:/internal/x/cc as external dependency cce:/internal/x/cc-fu/physics-2d-framework.
18:32:41 debug: Resolve cce:/internal/x/cc-fu/physics-2d-box2d-wasm from cce:/internal/x/cc as external dependency cce:/internal/x/cc-fu/physics-2d-box2d-wasm.
18:32:41 debug: Resolve cce:/internal/x/cc-fu/intersection-2d from cce:/internal/x/cc as external dependency cce:/internal/x/cc-fu/intersection-2d.
18:32:41 debug: Resolve cce:/internal/x/cc-fu/primitive from cce:/internal/x/cc as external dependency cce:/internal/x/cc-fu/primitive.
18:32:41 debug: Resolve cce:/internal/x/cc-fu/profiler from cce:/internal/x/cc as external dependency cce:/internal/x/cc-fu/profiler.
18:32:41 debug: Resolve cce:/internal/x/cc-fu/geometry-renderer from cce:/internal/x/cc as external dependency cce:/internal/x/cc-fu/geometry-renderer.
18:32:41 debug: Resolve cce:/internal/x/cc-fu/audio from cce:/internal/x/cc as external dependency cce:/internal/x/cc-fu/audio.
18:32:41 debug: Resolve cce:/internal/x/cc-fu/video from cce:/internal/x/cc as external dependency cce:/internal/x/cc-fu/video.
18:32:41 debug: Resolve cce:/internal/x/cc-fu/xr from cce:/internal/x/cc as external dependency cce:/internal/x/cc-fu/xr.
18:32:41 debug: Resolve cce:/internal/x/cc-fu/light-probe from cce:/internal/x/cc as external dependency cce:/internal/x/cc-fu/light-probe.
18:32:41 debug: Resolve cce:/internal/x/cc-fu/terrain from cce:/internal/x/cc as external dependency cce:/internal/x/cc-fu/terrain.
18:32:41 debug: Resolve cce:/internal/x/cc-fu/webview from cce:/internal/x/cc as external dependency cce:/internal/x/cc-fu/webview.
18:32:41 debug: Resolve cce:/internal/x/cc-fu/tween from cce:/internal/x/cc as external dependency cce:/internal/x/cc-fu/tween.
18:32:41 debug: Resolve cce:/internal/x/cc-fu/tiled-map from cce:/internal/x/cc as external dependency cce:/internal/x/cc-fu/tiled-map.
18:32:41 debug: Resolve cce:/internal/x/cc-fu/spine from cce:/internal/x/cc as external dependency cce:/internal/x/cc-fu/spine.
18:32:41 debug: Resolve cce:/internal/x/cc-fu/dragon-bones from cce:/internal/x/cc as external dependency cce:/internal/x/cc-fu/dragon-bones.
18:32:41 debug: Resolve cce:/internal/x/cc-fu/custom-pipeline from cce:/internal/x/cc as external dependency cce:/internal/x/cc-fu/custom-pipeline.
18:32:41 debug: Detected change: cce:/internal/x/prerequisite-imports. Last mtime: Thu Jan 01 1970 08:00:08 GMT+0800 (中国标准时间), Current mtime: Thu Jan 01 1970 08:00:07 GMT+0800 (中国标准时间)
18:32:41 debug: Inspect cce:/internal/x/prerequisite-imports
18:32:41 debug: Resolve file:///C:/ProgramData/cocos/editors/Creator/3.8.2/resources/resources/3d/engine/editor/assets/tools/debug-view-runtime-control.ts from cce:/internal/x/prerequisite-imports as file:///C:/ProgramData/cocos/editors/Creator/3.8.2/resources/resources/3d/engine/editor/assets/tools/debug-view-runtime-control.ts.
18:32:41 debug: Resolve cc from file:///C:/ProgramData/cocos/editors/Creator/3.8.2/resources/resources/3d/engine/editor/assets/tools/debug-view-runtime-control.ts as cce:/internal/x/cc.
18:32:41 debug: Resolve cc from file:///C:/ProgramData/cocos/editors/Creator/3.8.2/resources/resources/3d/engine/editor/assets/tools/debug-view-runtime-control.ts as cce:/internal/x/cc.
18:32:41 debug: Resolve cc from file:///C:/ProgramData/cocos/editors/Creator/3.8.2/resources/resources/3d/engine/editor/assets/tools/debug-view-runtime-control.ts as cce:/internal/x/cc.
18:32:41 debug: Resolve file:///D:/Github_project/CoCos/MyAmbitious/assets/scripts/GetPropenty/GameManager.ts from cce:/internal/x/prerequisite-imports as file:///D:/Github_project/CoCos/MyAmbitious/assets/scripts/GetPropenty/GameManager.ts.
18:32:41 debug: Resolve cc from file:///D:/Github_project/CoCos/MyAmbitious/assets/scripts/GetPropenty/GameManager.ts as cce:/internal/x/cc.
18:32:41 debug: Resolve cc from file:///D:/Github_project/CoCos/MyAmbitious/assets/scripts/GetPropenty/GameManager.ts as cce:/internal/x/cc.
18:32:41 debug: Resolve cc from file:///D:/Github_project/CoCos/MyAmbitious/assets/scripts/GetPropenty/GameManager.ts as cce:/internal/x/cc.
18:32:41 debug: Resolve file:///D:/Github_project/CoCos/MyAmbitious/assets/scripts/GetPropenty/Generate.ts from cce:/internal/x/prerequisite-imports as file:///D:/Github_project/CoCos/MyAmbitious/assets/scripts/GetPropenty/Generate.ts.
18:32:41 debug: Resolve cc from file:///D:/Github_project/CoCos/MyAmbitious/assets/scripts/GetPropenty/Generate.ts as cce:/internal/x/cc.
18:32:41 debug: Resolve cc from file:///D:/Github_project/CoCos/MyAmbitious/assets/scripts/GetPropenty/Generate.ts as cce:/internal/x/cc.
18:32:41 debug: Resolve cc from file:///D:/Github_project/CoCos/MyAmbitious/assets/scripts/GetPropenty/Generate.ts as cce:/internal/x/cc.
18:32:41 debug: Resolve file:///D:/Github_project/CoCos/MyAmbitious/assets/scripts/GetPropenty/Move.ts from cce:/internal/x/prerequisite-imports as file:///D:/Github_project/CoCos/MyAmbitious/assets/scripts/GetPropenty/Move.ts.
18:32:41 debug: Resolve cc from file:///D:/Github_project/CoCos/MyAmbitious/assets/scripts/GetPropenty/Move.ts as cce:/internal/x/cc.
18:32:41 debug: Resolve cc from file:///D:/Github_project/CoCos/MyAmbitious/assets/scripts/GetPropenty/Move.ts as cce:/internal/x/cc.
18:32:41 debug: Resolve cc from file:///D:/Github_project/CoCos/MyAmbitious/assets/scripts/GetPropenty/Move.ts as cce:/internal/x/cc.
18:32:41 debug: Resolve file:///D:/Github_project/CoCos/MyAmbitious/assets/scripts/Globla/GameManger.ts from cce:/internal/x/prerequisite-imports as file:///D:/Github_project/CoCos/MyAmbitious/assets/scripts/Globla/GameManger.ts.
18:32:41 debug: Resolve cc from file:///D:/Github_project/CoCos/MyAmbitious/assets/scripts/Globla/GameManger.ts as cce:/internal/x/cc.
18:32:41 debug: Resolve cc from file:///D:/Github_project/CoCos/MyAmbitious/assets/scripts/Globla/GameManger.ts as cce:/internal/x/cc.
18:32:41 debug: Resolve cc from file:///D:/Github_project/CoCos/MyAmbitious/assets/scripts/Globla/GameManger.ts as cce:/internal/x/cc.
18:32:41 debug: Resolve file:///D:/Github_project/CoCos/MyAmbitious/assets/scripts/InitialGame/Strat.ts from cce:/internal/x/prerequisite-imports as file:///D:/Github_project/CoCos/MyAmbitious/assets/scripts/InitialGame/Strat.ts.
18:32:41 debug: Resolve cce:/internal/code-quality/cr.mjs from file:///D:/Github_project/CoCos/MyAmbitious/assets/scripts/InitialGame/Strat.ts as cce:/internal/code-quality/cr.mjs.
18:32:41 debug: Detected change: cce:/internal/code-quality/cr.mjs. Last mtime: Thu Jan 16 2025 11:06:32 GMT+0800 (中国标准时间), Current mtime: Fri Jan 17 2025 18:32:33 GMT+0800 (中国标准时间)
18:32:41 debug: Inspect cce:/internal/code-quality/cr.mjs
18:32:41 debug: Resolve cc from file:///D:/Github_project/CoCos/MyAmbitious/assets/scripts/InitialGame/Strat.ts as cce:/internal/x/cc.
18:32:41 debug: Resolve cc from file:///D:/Github_project/CoCos/MyAmbitious/assets/scripts/InitialGame/Strat.ts as cce:/internal/x/cc.
18:32:41 debug: Resolve cc from file:///D:/Github_project/CoCos/MyAmbitious/assets/scripts/InitialGame/Strat.ts as cce:/internal/x/cc.
18:32:41 debug: Resolve ../Globla//GameManger from file:///D:/Github_project/CoCos/MyAmbitious/assets/scripts/InitialGame/Strat.ts as file:///D:/Github_project/CoCos/MyAmbitious/assets/scripts/Globla/GameManger.ts.
18:32:41 debug: Resolve file:///D:/Github_project/CoCos/MyAmbitious/assets/scripts/Warehouse/Createnew.ts from cce:/internal/x/prerequisite-imports as file:///D:/Github_project/CoCos/MyAmbitious/assets/scripts/Warehouse/Createnew.ts.
18:32:41 debug: Resolve cce:/internal/code-quality/cr.mjs from file:///D:/Github_project/CoCos/MyAmbitious/assets/scripts/Warehouse/Createnew.ts as cce:/internal/code-quality/cr.mjs.
18:32:41 debug: Resolve cc from file:///D:/Github_project/CoCos/MyAmbitious/assets/scripts/Warehouse/Createnew.ts as cce:/internal/x/cc.
18:32:41 debug: Resolve cc from file:///D:/Github_project/CoCos/MyAmbitious/assets/scripts/Warehouse/Createnew.ts as cce:/internal/x/cc.
18:32:41 debug: Resolve cc from file:///D:/Github_project/CoCos/MyAmbitious/assets/scripts/Warehouse/Createnew.ts as cce:/internal/x/cc.
18:32:41 debug: Resolve ../Globla/GameManger from file:///D:/Github_project/CoCos/MyAmbitious/assets/scripts/Warehouse/Createnew.ts as file:///D:/Github_project/CoCos/MyAmbitious/assets/scripts/Globla/GameManger.ts.
18:32:41 debug: Target(editor) ends with cost 209.19649999961257ms.
18:32:41 debug: Target(preview) build started.
18:32:41 debug: Detected change: cce:/internal/x/cc. Last mtime: Thu Jan 01 1970 08:00:07 GMT+0800 (中国标准时间), Current mtime: Thu Jan 01 1970 08:00:07 GMT+0800 (中国标准时间)
18:32:41 debug: Inspect cce:/internal/x/cc
18:32:41 debug: Resolve cce:/internal/x/cc-fu/2d from cce:/internal/x/cc as external dependency cce:/internal/x/cc-fu/2d.
18:32:41 debug: Resolve cce:/internal/x/cc-fu/sorting from cce:/internal/x/cc as external dependency cce:/internal/x/cc-fu/sorting.
18:32:41 debug: Resolve cce:/internal/x/cc-fu/animation from cce:/internal/x/cc as external dependency cce:/internal/x/cc-fu/animation.
18:32:41 debug: Resolve cce:/internal/x/cc-fu/audio from cce:/internal/x/cc as external dependency cce:/internal/x/cc-fu/audio.
18:32:41 debug: Resolve cce:/internal/x/cc-fu/base from cce:/internal/x/cc as external dependency cce:/internal/x/cc-fu/base.
18:32:41 debug: Resolve cce:/internal/x/cc-fu/dragon-bones from cce:/internal/x/cc as external dependency cce:/internal/x/cc-fu/dragon-bones.
18:32:41 debug: Resolve cce:/internal/x/cc-fu/gfx-webgl from cce:/internal/x/cc as external dependency cce:/internal/x/cc-fu/gfx-webgl.
18:32:41 debug: Resolve cce:/internal/x/cc-fu/gfx-webgl2 from cce:/internal/x/cc as external dependency cce:/internal/x/cc-fu/gfx-webgl2.
18:32:41 debug: Resolve cce:/internal/x/cc-fu/intersection-2d from cce:/internal/x/cc as external dependency cce:/internal/x/cc-fu/intersection-2d.
18:32:41 debug: Resolve cce:/internal/x/cc-fu/particle-2d from cce:/internal/x/cc as external dependency cce:/internal/x/cc-fu/particle-2d.
18:32:41 debug: Resolve cce:/internal/x/cc-fu/physics-2d-box2d from cce:/internal/x/cc as external dependency cce:/internal/x/cc-fu/physics-2d-box2d.
18:32:41 debug: Resolve cce:/internal/x/cc-fu/physics-2d-framework from cce:/internal/x/cc as external dependency cce:/internal/x/cc-fu/physics-2d-framework.
18:32:41 debug: Resolve cce:/internal/x/cc-fu/profiler from cce:/internal/x/cc as external dependency cce:/internal/x/cc-fu/profiler.
18:32:41 debug: Resolve cce:/internal/x/cc-fu/spine from cce:/internal/x/cc as external dependency cce:/internal/x/cc-fu/spine.
18:32:41 debug: Resolve cce:/internal/x/cc-fu/tiled-map from cce:/internal/x/cc as external dependency cce:/internal/x/cc-fu/tiled-map.
18:32:41 debug: Resolve cce:/internal/x/cc-fu/tween from cce:/internal/x/cc as external dependency cce:/internal/x/cc-fu/tween.
18:32:41 debug: Resolve cce:/internal/x/cc-fu/ui from cce:/internal/x/cc as external dependency cce:/internal/x/cc-fu/ui.
18:32:41 debug: Resolve cce:/internal/x/cc-fu/video from cce:/internal/x/cc as external dependency cce:/internal/x/cc-fu/video.
18:32:41 debug: Resolve cce:/internal/x/cc-fu/webview from cce:/internal/x/cc as external dependency cce:/internal/x/cc-fu/webview.
18:32:41 debug: Detected change: cce:/internal/x/prerequisite-imports. Last mtime: Thu Jan 01 1970 08:00:08 GMT+0800 (中国标准时间), Current mtime: Thu Jan 01 1970 08:00:08 GMT+0800 (中国标准时间)
18:32:41 debug: Inspect cce:/internal/x/prerequisite-imports
18:32:41 debug: Resolve file:///C:/ProgramData/cocos/editors/Creator/3.8.2/resources/resources/3d/engine/editor/assets/tools/debug-view-runtime-control.ts from cce:/internal/x/prerequisite-imports as file:///C:/ProgramData/cocos/editors/Creator/3.8.2/resources/resources/3d/engine/editor/assets/tools/debug-view-runtime-control.ts.
18:32:41 debug: Resolve cc from file:///C:/ProgramData/cocos/editors/Creator/3.8.2/resources/resources/3d/engine/editor/assets/tools/debug-view-runtime-control.ts as cce:/internal/x/cc.
18:32:41 debug: Resolve cc from file:///C:/ProgramData/cocos/editors/Creator/3.8.2/resources/resources/3d/engine/editor/assets/tools/debug-view-runtime-control.ts as cce:/internal/x/cc.
18:32:41 debug: Resolve cc from file:///C:/ProgramData/cocos/editors/Creator/3.8.2/resources/resources/3d/engine/editor/assets/tools/debug-view-runtime-control.ts as cce:/internal/x/cc.
18:32:41 debug: Resolve file:///D:/Github_project/CoCos/MyAmbitious/assets/scripts/GetPropenty/GameManager.ts from cce:/internal/x/prerequisite-imports as file:///D:/Github_project/CoCos/MyAmbitious/assets/scripts/GetPropenty/GameManager.ts.
18:32:41 debug: Resolve cc from file:///D:/Github_project/CoCos/MyAmbitious/assets/scripts/GetPropenty/GameManager.ts as cce:/internal/x/cc.
18:32:41 debug: Resolve cc from file:///D:/Github_project/CoCos/MyAmbitious/assets/scripts/GetPropenty/GameManager.ts as cce:/internal/x/cc.
18:32:41 debug: Resolve cc from file:///D:/Github_project/CoCos/MyAmbitious/assets/scripts/GetPropenty/GameManager.ts as cce:/internal/x/cc.
18:32:41 debug: Resolve file:///D:/Github_project/CoCos/MyAmbitious/assets/scripts/GetPropenty/Generate.ts from cce:/internal/x/prerequisite-imports as file:///D:/Github_project/CoCos/MyAmbitious/assets/scripts/GetPropenty/Generate.ts.
18:32:41 debug: Resolve cc from file:///D:/Github_project/CoCos/MyAmbitious/assets/scripts/GetPropenty/Generate.ts as cce:/internal/x/cc.
18:32:41 debug: Resolve cc from file:///D:/Github_project/CoCos/MyAmbitious/assets/scripts/GetPropenty/Generate.ts as cce:/internal/x/cc.
18:32:41 debug: Resolve cc from file:///D:/Github_project/CoCos/MyAmbitious/assets/scripts/GetPropenty/Generate.ts as cce:/internal/x/cc.
18:32:41 debug: Resolve file:///D:/Github_project/CoCos/MyAmbitious/assets/scripts/GetPropenty/Move.ts from cce:/internal/x/prerequisite-imports as file:///D:/Github_project/CoCos/MyAmbitious/assets/scripts/GetPropenty/Move.ts.
18:32:41 debug: Resolve cc from file:///D:/Github_project/CoCos/MyAmbitious/assets/scripts/GetPropenty/Move.ts as cce:/internal/x/cc.
18:32:41 debug: Resolve cc from file:///D:/Github_project/CoCos/MyAmbitious/assets/scripts/GetPropenty/Move.ts as cce:/internal/x/cc.
18:32:41 debug: Resolve cc from file:///D:/Github_project/CoCos/MyAmbitious/assets/scripts/GetPropenty/Move.ts as cce:/internal/x/cc.
18:32:41 debug: Resolve file:///D:/Github_project/CoCos/MyAmbitious/assets/scripts/Globla/GameManger.ts from cce:/internal/x/prerequisite-imports as file:///D:/Github_project/CoCos/MyAmbitious/assets/scripts/Globla/GameManger.ts.
18:32:41 debug: Resolve cc from file:///D:/Github_project/CoCos/MyAmbitious/assets/scripts/Globla/GameManger.ts as cce:/internal/x/cc.
18:32:41 debug: Resolve cc from file:///D:/Github_project/CoCos/MyAmbitious/assets/scripts/Globla/GameManger.ts as cce:/internal/x/cc.
18:32:41 debug: Resolve cc from file:///D:/Github_project/CoCos/MyAmbitious/assets/scripts/Globla/GameManger.ts as cce:/internal/x/cc.
18:32:41 debug: Resolve file:///D:/Github_project/CoCos/MyAmbitious/assets/scripts/InitialGame/Strat.ts from cce:/internal/x/prerequisite-imports as file:///D:/Github_project/CoCos/MyAmbitious/assets/scripts/InitialGame/Strat.ts.
18:32:41 debug: Resolve cce:/internal/code-quality/cr.mjs from file:///D:/Github_project/CoCos/MyAmbitious/assets/scripts/InitialGame/Strat.ts as cce:/internal/code-quality/cr.mjs.
18:32:41 debug: Detected change: cce:/internal/code-quality/cr.mjs. Last mtime: Thu Jan 16 2025 11:06:32 GMT+0800 (中国标准时间), Current mtime: Fri Jan 17 2025 18:32:33 GMT+0800 (中国标准时间)
18:32:41 debug: Inspect cce:/internal/code-quality/cr.mjs
18:32:41 debug: Resolve cc from file:///D:/Github_project/CoCos/MyAmbitious/assets/scripts/InitialGame/Strat.ts as cce:/internal/x/cc.
18:32:41 debug: Resolve cc from file:///D:/Github_project/CoCos/MyAmbitious/assets/scripts/InitialGame/Strat.ts as cce:/internal/x/cc.
18:32:41 debug: Resolve cc from file:///D:/Github_project/CoCos/MyAmbitious/assets/scripts/InitialGame/Strat.ts as cce:/internal/x/cc.
18:32:41 debug: Resolve ../Globla//GameManger from file:///D:/Github_project/CoCos/MyAmbitious/assets/scripts/InitialGame/Strat.ts as file:///D:/Github_project/CoCos/MyAmbitious/assets/scripts/Globla/GameManger.ts.
18:32:41 debug: Resolve file:///D:/Github_project/CoCos/MyAmbitious/assets/scripts/Warehouse/Createnew.ts from cce:/internal/x/prerequisite-imports as file:///D:/Github_project/CoCos/MyAmbitious/assets/scripts/Warehouse/Createnew.ts.
18:32:41 debug: Resolve cce:/internal/code-quality/cr.mjs from file:///D:/Github_project/CoCos/MyAmbitious/assets/scripts/Warehouse/Createnew.ts as cce:/internal/code-quality/cr.mjs.
18:32:41 debug: Resolve cc from file:///D:/Github_project/CoCos/MyAmbitious/assets/scripts/Warehouse/Createnew.ts as cce:/internal/x/cc.
18:32:41 debug: Resolve cc from file:///D:/Github_project/CoCos/MyAmbitious/assets/scripts/Warehouse/Createnew.ts as cce:/internal/x/cc.
18:32:41 debug: Resolve cc from file:///D:/Github_project/CoCos/MyAmbitious/assets/scripts/Warehouse/Createnew.ts as cce:/internal/x/cc.
18:32:41 debug: Resolve ../Globla/GameManger from file:///D:/Github_project/CoCos/MyAmbitious/assets/scripts/Warehouse/Createnew.ts as file:///D:/Github_project/CoCos/MyAmbitious/assets/scripts/Globla/GameManger.ts.
18:32:41 debug: Target(preview) ends with cost 142.9063000008464ms.
18:32:42 debug: Pulling asset-db.
18:32:42 debug: Fetch asset-db cost: 607.3427999988198ms.
18:32:42 debug: Build iteration starts.
Number of accumulated asset changes: 7
Feature changed: false
18:32:42 debug: Target(editor) build started.
18:32:42 debug: Detected change: cce:/internal/x/prerequisite-imports. Last mtime: Thu Jan 01 1970 08:00:07 GMT+0800 (中国标准时间), Current mtime: Thu Jan 01 1970 08:00:08 GMT+0800 (中国标准时间)
18:32:42 debug: Inspect cce:/internal/x/prerequisite-imports
18:32:42 debug: Resolve file:///C:/ProgramData/cocos/editors/Creator/3.8.2/resources/resources/3d/engine/editor/assets/tools/debug-view-runtime-control.ts from cce:/internal/x/prerequisite-imports as file:///C:/ProgramData/cocos/editors/Creator/3.8.2/resources/resources/3d/engine/editor/assets/tools/debug-view-runtime-control.ts.
18:32:42 debug: Resolve file:///D:/Github_project/CoCos/MyAmbitious/assets/scripts/GetPropenty/GameManager.ts from cce:/internal/x/prerequisite-imports as file:///D:/Github_project/CoCos/MyAmbitious/assets/scripts/GetPropenty/GameManager.ts.
18:32:42 debug: Resolve file:///D:/Github_project/CoCos/MyAmbitious/assets/scripts/GetPropenty/Generate.ts from cce:/internal/x/prerequisite-imports as file:///D:/Github_project/CoCos/MyAmbitious/assets/scripts/GetPropenty/Generate.ts.
18:32:42 debug: Resolve file:///D:/Github_project/CoCos/MyAmbitious/assets/scripts/GetPropenty/Move.ts from cce:/internal/x/prerequisite-imports as file:///D:/Github_project/CoCos/MyAmbitious/assets/scripts/GetPropenty/Move.ts.
18:32:42 debug: Resolve file:///D:/Github_project/CoCos/MyAmbitious/assets/scripts/Globla/GameManger.ts from cce:/internal/x/prerequisite-imports as file:///D:/Github_project/CoCos/MyAmbitious/assets/scripts/Globla/GameManger.ts.
18:32:42 debug: Resolve file:///D:/Github_project/CoCos/MyAmbitious/assets/scripts/InitialGame/Strat.ts from cce:/internal/x/prerequisite-imports as file:///D:/Github_project/CoCos/MyAmbitious/assets/scripts/InitialGame/Strat.ts.
18:32:42 debug: Resolve file:///D:/Github_project/CoCos/MyAmbitious/assets/scripts/Warehouse/Createnew.ts from cce:/internal/x/prerequisite-imports as file:///D:/Github_project/CoCos/MyAmbitious/assets/scripts/Warehouse/Createnew.ts.
18:32:42 debug: Target(editor) ends with cost 80.44110000133514ms.
18:32:42 debug: Target(preview) build started.
18:32:42 debug: Detected change: cce:/internal/x/prerequisite-imports. Last mtime: Thu Jan 01 1970 08:00:08 GMT+0800 (中国标准时间), Current mtime: Thu Jan 01 1970 08:00:09 GMT+0800 (中国标准时间)
18:32:42 debug: Inspect cce:/internal/x/prerequisite-imports
18:32:42 debug: Resolve file:///C:/ProgramData/cocos/editors/Creator/3.8.2/resources/resources/3d/engine/editor/assets/tools/debug-view-runtime-control.ts from cce:/internal/x/prerequisite-imports as file:///C:/ProgramData/cocos/editors/Creator/3.8.2/resources/resources/3d/engine/editor/assets/tools/debug-view-runtime-control.ts.
18:32:42 debug: Resolve file:///D:/Github_project/CoCos/MyAmbitious/assets/scripts/GetPropenty/GameManager.ts from cce:/internal/x/prerequisite-imports as file:///D:/Github_project/CoCos/MyAmbitious/assets/scripts/GetPropenty/GameManager.ts.
18:32:42 debug: Resolve file:///D:/Github_project/CoCos/MyAmbitious/assets/scripts/GetPropenty/Generate.ts from cce:/internal/x/prerequisite-imports as file:///D:/Github_project/CoCos/MyAmbitious/assets/scripts/GetPropenty/Generate.ts.
18:32:42 debug: Resolve file:///D:/Github_project/CoCos/MyAmbitious/assets/scripts/GetPropenty/Move.ts from cce:/internal/x/prerequisite-imports as file:///D:/Github_project/CoCos/MyAmbitious/assets/scripts/GetPropenty/Move.ts.
18:32:42 debug: Resolve file:///D:/Github_project/CoCos/MyAmbitious/assets/scripts/Globla/GameManger.ts from cce:/internal/x/prerequisite-imports as file:///D:/Github_project/CoCos/MyAmbitious/assets/scripts/Globla/GameManger.ts.
18:32:42 debug: Resolve file:///D:/Github_project/CoCos/MyAmbitious/assets/scripts/InitialGame/Strat.ts from cce:/internal/x/prerequisite-imports as file:///D:/Github_project/CoCos/MyAmbitious/assets/scripts/InitialGame/Strat.ts.
18:32:42 debug: Resolve file:///D:/Github_project/CoCos/MyAmbitious/assets/scripts/Warehouse/Createnew.ts from cce:/internal/x/prerequisite-imports as file:///D:/Github_project/CoCos/MyAmbitious/assets/scripts/Warehouse/Createnew.ts.
18:32:42 debug: Target(preview) ends with cost 66.80580000206828ms.
